<?xml version="1.0" encoding="UTF-8"?>
<testng-results ignored="0" total="5" passed="5" failed="0" skipped="0">
  <reporter-output>
  </reporter-output>
  <suite started-at="2022-04-29T09:36:46 IST" name="Default suite" finished-at="2022-04-29T09:36:46 IST" duration-ms="71">
    <groups>
      <group name="high">
        <method signature="Grouping.f1()[pri:2, instance:testng.Grouping@f5acb9d]" name="f1" class="testng.Grouping"/>
        <method signature="Grouping.f3()[pri:1, instance:testng.Grouping@f5acb9d]" name="f3" class="testng.Grouping"/>
      </group> <!-- high -->
      <group name="critical">
        <method signature="Grouping.f2()[pri:0, instance:testng.Grouping@f5acb9d]" name="f2" class="testng.Grouping"/>
      </group> <!-- critical -->
    </groups>
    <test started-at="2022-04-29T09:36:46 IST" name="Default test" finished-at="2022-04-29T09:36:46 IST" duration-ms="71">
      <class name="testng.Grouping">
        <test-method signature="f2()[pri:0, instance:testng.Grouping@f5acb9d]" started-at="2022-04-29T09:36:46 IST" name="f2" finished-at="2022-04-29T09:36:46 IST" duration-ms="9" status="PASS">
          <reporter-output>
          </reporter-output>
        </test-method> <!-- f2 -->
        <test-method signature="f3()[pri:1, instance:testng.Grouping@f5acb9d]" started-at="2022-04-29T09:36:46 IST" name="f3" finished-at="2022-04-29T09:36:46 IST" duration-ms="2" status="PASS">
          <reporter-output>
          </reporter-output>
        </test-method> <!-- f3 -->
        <test-method signature="f1()[pri:2, instance:testng.Grouping@f5acb9d]" started-at="2022-04-29T09:36:46 IST" name="f1" finished-at="2022-04-29T09:36:46 IST" duration-ms="1" status="PASS">
          <reporter-output>
          </reporter-output>
        </test-method> <!-- f1 -->
        <test-method signature="f5()[pri:3, instance:testng.Grouping@f5acb9d]" started-at="2022-04-29T09:36:46 IST" name="f5" finished-at="2022-04-29T09:36:46 IST" duration-ms="1" status="PASS">
          <reporter-output>
          </reporter-output>
        </test-method> <!-- f5 -->
        <test-method signature="f4()[pri:4, instance:testng.Grouping@f5acb9d]" started-at="2022-04-29T09:36:46 IST" name="f4" finished-at="2022-04-29T09:36:46 IST" duration-ms="1" status="PASS">
          <reporter-output>
          </reporter-output>
        </test-method> <!-- f4 -->
      </class> <!-- testng.Grouping -->
    </test> <!-- Default test -->
  </suite> <!-- Default suite -->
</testng-results>
