<?xml version="1.0" encoding="UTF-8"?>
<!-- Generated by org.testng.reporters.JUnitXMLReporter -->
<testsuite ignored="4" hostname="LAPTOP-NCMTQCEJ" failures="0" tests="1" name="Chrome test" time="0.06" errors="0" timestamp="2022-04-12T09:04:20 IST">
  <testcase classname="testng.Grouping" name="f4" time="0.009"/>
  <testcase classname="testng.Grouping" name="f1" time="0.0">
    <ignored/>
  </testcase> <!-- f1 -->
  <testcase classname="testng.Grouping" name="f2" time="0.0">
    <ignored/>
  </testcase> <!-- f2 -->
  <testcase classname="testng.Grouping" name="f5" time="0.0">
    <ignored/>
  </testcase> <!-- f5 -->
  <testcase classname="testng.Grouping" name="f3" time="0.0">
    <ignored/>
  </testcase> <!-- f3 -->
</testsuite> <!-- Chrome test -->
