<?xml version="1.0" encoding="UTF-8"?>
<!-- Generated by org.testng.reporters.JUnitXMLReporter -->
<testsuite ignored="0" hostname="LAPTOP-NCMTQCEJ" failures="0" tests="5" name="Default test" time="0.071" errors="0" timestamp="2022-04-29T09:36:46 IST">
  <testcase classname="testng.Grouping" name="f2" time="0.009"/>
  <testcase classname="testng.Grouping" name="f3" time="0.002"/>
  <testcase classname="testng.Grouping" name="f1" time="0.001"/>
  <testcase classname="testng.Grouping" name="f5" time="0.001"/>
  <testcase classname="testng.Grouping" name="f4" time="0.001"/>
</testsuite> <!-- Default test -->
